<?xml version="1.0" encoding="UTF-8"?>
<!-- Generated by org.testng.reporters.JUnitReportReporter -->
<testsuite hostname="TYSS-Prajwal" failures="0" tests="1" name="test.launchTest" time="9.635" errors="0" timestamp="2022-09-03T12:56:58 IST" skipped="0">
  <testcase classname="test.launchTest" name="validTest" time="9.635"/>
  <system-out/>
</testsuite> <!-- test.launchTest -->
